[    1347ms] [INFO] %cDownload the React DevTools for a better development experience: https://reactjs.org/link/react-devtools font-weight:bold @ http://localhost:3000/static/js/bundle.js:203726
[    1390ms] [LOG] ✅ Firebase configured with project: mythrill-ff7c6 @ http://localhost:3000/static/js/bundle.js:313488
[    1867ms] [LOG] [CharacterStore] Loaded 0 characters from mythrill-characters @ http://localhost:3000/static/js/bundle.js:507833
[    1869ms] [LOG] Firebase Performance Monitoring initialized @ http://localhost:3000/static/js/bundle.js:502479
[    1869ms] [LOG] Error tracking initialized @ http://localhost:3000/static/js/bundle.js:502525
[    1870ms] [LOG] Performance collection started @ http://localhost:3000/static/js/bundle.js:502570
[    1872ms] [LOG] 🔄 Updating creature store with new library creatures... @ http://localhost:3000/static/js/bundle.js:534298
[    1873ms] [LOG] ✅ Loaded 18 creatures from library @ http://localhost:3000/static/js/bundle.js:534315
[    1874ms] [LOG] 🔄 Starting authentication initialization... @ http://localhost:3000/static/js/bundle.js:247524
[    1877ms] [LOG] [CharacterStore] Loaded 0 characters from mythrill-characters @ http://localhost:3000/static/js/bundle.js:507833
[    1877ms] [LOG] [CharacterStore] loadActiveCharacter: Found 0 characters @ http://localhost:3000/static/js/bundle.js:508629
[    1878ms] [LOG] ⚠️ Character system needs attention: 0 characters available @ http://localhost:3000/static/js/bundle.js:248358
[    1907ms] [LOG] [EffectProcessing] Starting real-time effect processing @ http://localhost:3000/static/js/src_services_effectProcessingService_js.chunk.js:495
[    2635ms] [LOG] 🔄 Authenticated but no socket. Initializing global socket... @ http://localhost:3000/static/js/bundle.js:289659
[    2635ms] [LOG] 🟢 Initializing presence on authentication for: i5cl9LusaKPvMlJTwHzdBP8KjZg1 Adventurer @ http://localhost:3000/static/js/bundle.js:289702
[    2636ms] [LOG] 🟢 Setting user online: i5cl9LusaKPvMlJTwHzdBP8KjZg1 Adventurer @ http://localhost:3000/static/js/bundle.js:497220
[    2638ms] [LOG] User returned to landing page - restarting session timers @ http://localhost:3000/static/js/bundle.js:490236
[    2638ms] [LOG] Offline support initialized @ http://localhost:3000/static/js/bundle.js:502098
[    2638ms] [LOG] Analytics tracking initialized @ http://localhost:3000/static/js/bundle.js:491910
[    2653ms] [LOG] 📊 Event tracked: session_start {userId: i5cl9LusaKPvMlJTwHzdBP8KjZg1, timestamp: 2026-04-05T17:17:34.421Z, userAgent: Mozilla/5.0 (Windows NT 10.0; Win64; x64) AppleWeb…KHTML, like Gecko) Chrome/146.0.0.0 Safari/537.36, screenResolution: 1920x1080, timezone: Europe/Copenhagen} @ http://localhost:3000/static/js/bundle.js:491936
[    2653ms] [LOG] 💾 Authenticated user - character data will persist to Firebase @ http://localhost:3000/static/js/bundle.js:279289
[    2656ms] [LOG] ⚠️ Authenticated user - persistence offline or unavailable @ http://localhost:3000/static/js/bundle.js:279496
[    2660ms] [LOG] 🔌 Initializing global socket at: http://localhost:3001 @ http://localhost:3000/static/js/bundle.js:524040
[    2680ms] [LOG] ⚠️ Authenticated user - persistence offline or unavailable @ http://localhost:3000/static/js/bundle.js:279496
[    2690ms] [LOG] 👥 Online users updated: 0 users @ http://localhost:3000/static/js/bundle.js:497444
[    2699ms] [LOG] 🔌 Socket connected: ScjrtbuLPpC54GuRAAAf url: http://localhost:3001 @ http://localhost:3000/static/js/bundle.js:523971
[    2991ms] [LOG] 👥 Online users updated: 1 users @ http://localhost:3000/static/js/bundle.js:497444
[    2993ms] [LOG] 📂 Journal loaded for user i5cl9LusaKPvMlJTwHzdBP8KjZg1 @ http://localhost:3000/static/js/bundle.js:488770
[    2999ms] [LOG] 💾 Authenticated user - full data persistence enabled @ http://localhost:3000/static/js/bundle.js:279490
[    2999ms] [LOG] 📊 Storage usage: 0.00MB used @ http://localhost:3000/static/js/bundle.js:279493
[    3089ms] [LOG] 👥 Online users updated: 2 users @ http://localhost:3000/static/js/bundle.js:497444
[    3875ms] [LOG] 🔄 Auth initialization timeout - marking as initialized @ http://localhost:3000/static/js/bundle.js:504648
[    3881ms] [LOG] [Icon Migration] Starting migration for 18 creatures... @ http://localhost:3000/static/js/src_utils_migrateCreatureIcons_js.chunk.js:120
[    3881ms] [LOG] [Icon Migration] Saved migrated creatures to store @ http://localhost:3000/static/js/src_utils_migrateCreatureIcons_js.chunk.js:125
[    3881ms] [LOG] [Icon Migration] Complete: {migrated: 18, skipped: 0, errors: 0, total: 18} @ http://localhost:3000/static/js/src_utils_migrateCreatureIcons_js.chunk.js:127
[    5520ms] [LOG] 💾 Journal saved for user i5cl9LusaKPvMlJTwHzdBP8KjZg1 @ http://localhost:3000/static/js/bundle.js:488727
[   10148ms] [LOG] 👥 Online users updated: 2 users @ http://localhost:3000/static/js/bundle.js:497444
[   13142ms] [LOG] 🎭 GlobalChatWindow rendering, isOpen: true @ http://localhost:3000/static/js/src_components_social_GlobalChatWindow_jsx-node_modules_react-resizable_css_styles_css.chunk.js:3412
[   13185ms] [LOG] 🔍 OnlineUsersList - currentUserPresence changed: {userId: i5cl9LusaKPvMlJTwHzdBP8KjZg1, status: online, statusComment: undefined, lastUpdated: 1775409454843} @ http://localhost:3000/static/js/src_components_social_GlobalChatWindow_jsx-node_modules_react-resizable_css_styles_css.chunk.js:4507
[   13190ms] [LOG] 👥 Friends list updated: [] @ http://localhost:3000/static/js/bundle.js:527733
[   13312ms] [LOG] 📩 Incoming friend requests updated: [] @ http://localhost:3000/static/js/bundle.js:527709
[   13315ms] [LOG] 📤 Sent friend requests updated: [] @ http://localhost:3000/static/js/bundle.js:527721
[   33066ms] [LOG] 👥 Online users updated: 1 users @ http://localhost:3000/static/js/bundle.js:497444
[   33067ms] [LOG] 🎭 GlobalChatWindow rendering, isOpen: true @ http://localhost:3000/static/js/src_components_social_GlobalChatWindow_jsx-node_modules_react-resizable_css_styles_css.chunk.js:3412
[   33179ms] [LOG] 👥 Online users updated: 2 users @ http://localhost:3000/static/js/bundle.js:497444
[   33181ms] [LOG] 🎭 GlobalChatWindow rendering, isOpen: true @ http://localhost:3000/static/js/src_components_social_GlobalChatWindow_jsx-node_modules_react-resizable_css_styles_css.chunk.js:3412
[   40133ms] [LOG] 👥 Online users updated: 2 users @ http://localhost:3000/static/js/bundle.js:497444
[   40134ms] [LOG] 🎭 GlobalChatWindow rendering, isOpen: true @ http://localhost:3000/static/js/src_components_social_GlobalChatWindow_jsx-node_modules_react-resizable_css_styles_css.chunk.js:3412
