[    1169ms] [INFO] %cDownload the React DevTools for a better development experience: https://reactjs.org/link/react-devtools font-weight:bold @ http://localhost:3000/static/js/bundle.js:203678
[    1210ms] [LOG] ✅ Firebase configured with project: mythrill-ff7c6 @ http://localhost:3000/static/js/bundle.js:313440
[    1556ms] [LOG] User navigated away from landing page - clearing session timers @ http://localhost:3000/static/js/bundle.js:490191
[    1557ms] [LOG] [CharacterStore] Loaded 0 characters from mythrill-characters @ http://localhost:3000/static/js/bundle.js:507772
[    1558ms] [LOG] Firebase Performance Monitoring initialized @ http://localhost:3000/static/js/bundle.js:502424
[    1558ms] [LOG] Error tracking initialized @ http://localhost:3000/static/js/bundle.js:502470
[    1558ms] [LOG] Performance collection started @ http://localhost:3000/static/js/bundle.js:502515
[    1560ms] [LOG] 🔄 Updating creature store with new library creatures... @ http://localhost:3000/static/js/bundle.js:534025
[    1561ms] [LOG] ✅ Loaded 18 creatures from library @ http://localhost:3000/static/js/bundle.js:534042
[    1561ms] [LOG] 🔄 Starting authentication initialization... @ http://localhost:3000/static/js/bundle.js:247476
[    1563ms] [LOG] [CharacterStore] Loaded 0 characters from mythrill-characters @ http://localhost:3000/static/js/bundle.js:507772
[    1563ms] [LOG] [CharacterStore] loadActiveCharacter: Found 0 characters @ http://localhost:3000/static/js/bundle.js:508568
[    1563ms] [LOG] ⚠️ Character system needs attention: 0 characters available @ http://localhost:3000/static/js/bundle.js:248310
[    1574ms] [LOG] [EffectProcessing] Starting real-time effect processing @ http://localhost:3000/static/js/src_services_effectProcessingService_js.chunk.js:495
[    3568ms] [LOG] 🔄 Auth initialization timeout - marking as initialized @ http://localhost:3000/static/js/bundle.js:504587
[    3573ms] [LOG] [Icon Migration] Starting migration for 18 creatures... @ http://localhost:3000/static/js/src_utils_migrateCreatureIcons_js.chunk.js:120
[    3573ms] [LOG] [Icon Migration] Saved migrated creatures to store @ http://localhost:3000/static/js/src_utils_migrateCreatureIcons_js.chunk.js:125
[    3573ms] [LOG] [Icon Migration] Complete: {migrated: 18, skipped: 0, errors: 0, total: 18} @ http://localhost:3000/static/js/src_utils_migrateCreatureIcons_js.chunk.js:127
[   20252ms] [VERBOSE] [DOM] Input elements should have autocomplete attributes (suggested: "current-password"): (More info: https://goo.gl/9p2vKq) %o @ http://localhost:3000/:0
[   87243ms] [LOG] Starting guest login... @ http://localhost:3000/static/js/bundle.js:248729
[   87247ms] [LOG] 🔄 Authenticated but no socket. Initializing global socket... @ http://localhost:3000/static/js/bundle.js:289611
[   87247ms] [LOG] 🔌 Initializing global socket at: http://localhost:3001 @ http://localhost:3000/static/js/bundle.js:523839
[   87250ms] [LOG] 🟢 Initializing presence on authentication for: guest-1775125433217 Guest6284 @ http://localhost:3000/static/js/bundle.js:289654
[   87251ms] [LOG] 🟢 Setting user online: guest-1775125433217 Guest6284 @ http://localhost:3000/static/js/bundle.js:497172
[   87255ms] [LOG] User returned to landing page - restarting session timers @ http://localhost:3000/static/js/bundle.js:490188
[   87255ms] [LOG] 👤 Guest user - character data will not persist @ http://localhost:3000/static/js/bundle.js:279239
[   87256ms] [LOG] 👤 Guest user - no data persistence enabled @ http://localhost:3000/static/js/bundle.js:279440
[   87259ms] [LOG] Guest login successful! @ http://localhost:3000/static/js/bundle.js:248732
[   87275ms] [LOG] 👤 Guest user - no data persistence enabled @ http://localhost:3000/static/js/bundle.js:279440
[   87290ms] [LOG] 👥 Online users updated: 0 users @ http://localhost:3000/static/js/bundle.js:497396
[   87291ms] [LOG] Session timers bypassed - user is in a room/game or not on landing page @ http://localhost:3000/static/js/bundle.js:490041
[   87291ms] [LOG] User navigated away from landing page - clearing session timers @ http://localhost:3000/static/js/bundle.js:490191
[   87300ms] [LOG] 🔌 Socket connected: -btlCNivl5h_Ml1vAAAH url: http://localhost:3001 @ http://localhost:3000/static/js/bundle.js:523770
[   87660ms] [LOG] 🔄 Initializing social store for user: guest-1775125433217 @ http://localhost:3000/static/js/src_components_account_AccountDashboard_jsx.chunk.js:10113
[   87661ms] [LOG] 🟢 Setting user online: guest-1775125433217 Guest6284 @ http://localhost:3000/static/js/bundle.js:497172
[   87662ms] [LOG] [CharacterStore] Account type change from dev to guest, clearing storage @ http://localhost:3000/static/js/bundle.js:507673
[   87662ms] [LOG] [CharacterStore] Loaded 0 characters from mythrill-guest-characters @ http://localhost:3000/static/js/bundle.js:507772
[   87663ms] [LOG] 📊 Account Dashboard loaded: {isGuest: true, tier: Guest, characterLimit: 1, currentCharacters: 0} @ http://localhost:3000/static/js/src_components_account_AccountDashboard_jsx.chunk.js:10170
[   87679ms] [LOG] 👥 Online users updated: 0 users @ http://localhost:3000/static/js/bundle.js:497396
[   87753ms] [ERROR] ❌ Failed to subscribe to online users: FirebaseError: Missing or insufficient permissions. @ http://localhost:3000/static/js/bundle.js:497399
[   87880ms] [ERROR] ❌ Failed to set user online: FirebaseError: Missing or insufficient permissions. @ http://localhost:3000/static/js/bundle.js:497182
[   87883ms] [ERROR] [2026-04-02T10:23:53.856Z]  @firebase/firestore: Firestore (12.6.0): Uncaught Error in snapshot listener: FirebaseError: [code=permission-denied]: Missing or insufficient permissions. @ http://localhost:3000/static/js/bundle.js:27861
[   87897ms] [ERROR] [2026-04-02T10:23:53.871Z]  @firebase/firestore: Firestore (12.6.0): Uncaught Error in snapshot listener: FirebaseError: [code=permission-denied]: Missing or insufficient permissions. @ http://localhost:3000/static/js/bundle.js:27861
[   87898ms] [ERROR] Error in friend requests subscription: FirebaseError: Missing or insufficient permissions. @ http://localhost:3000/static/js/bundle.js:503798
[   87913ms] [ERROR] Error in friends subscription: FirebaseError: Missing or insufficient permissions. @ http://localhost:3000/static/js/bundle.js:503830
[   88205ms] [ERROR] ❌ Failed to set user online: FirebaseError: Missing or insufficient permissions. @ http://localhost:3000/static/js/bundle.js:497182
[   88207ms] [LOG] ✅ Presence initialized for dashboard @ http://localhost:3000/static/js/src_components_account_AccountDashboard_jsx.chunk.js:10125
[   97768ms] [LOG] Session timers bypassed - user is in a room/game or not on landing page @ http://localhost:3000/static/js/bundle.js:490041
