[    1245ms] [INFO] %cDownload the React DevTools for a better development experience: https://reactjs.org/link/react-devtools font-weight:bold @ http://localhost:3000/static/js/bundle.js:203678
[    1314ms] [LOG] ✅ Firebase configured with project: mythrill-ff7c6 @ http://localhost:3000/static/js/bundle.js:313440
[    1724ms] [LOG] [CharacterStore] Loaded 0 characters from mythrill-characters @ http://localhost:3000/static/js/bundle.js:507772
[    1726ms] [LOG] Firebase Performance Monitoring initialized @ http://localhost:3000/static/js/bundle.js:502424
[    1726ms] [LOG] Error tracking initialized @ http://localhost:3000/static/js/bundle.js:502470
[    1726ms] [LOG] Performance collection started @ http://localhost:3000/static/js/bundle.js:502515
[    1728ms] [LOG] 🔄 Updating creature store with new library creatures... @ http://localhost:3000/static/js/bundle.js:534025
[    1729ms] [LOG] ✅ Loaded 18 creatures from library @ http://localhost:3000/static/js/bundle.js:534042
[    1729ms] [LOG] 🔄 Starting authentication initialization... @ http://localhost:3000/static/js/bundle.js:247476
[    1732ms] [LOG] [CharacterStore] Loaded 0 characters from mythrill-characters @ http://localhost:3000/static/js/bundle.js:507772
[    1732ms] [LOG] [CharacterStore] loadActiveCharacter: Found 0 characters @ http://localhost:3000/static/js/bundle.js:508568
[    1732ms] [LOG] ⚠️ Character system needs attention: 0 characters available @ http://localhost:3000/static/js/bundle.js:248310
[    1744ms] [LOG] [EffectProcessing] Starting real-time effect processing @ http://localhost:3000/static/js/src_services_effectProcessingService_js.chunk.js:495
[    3734ms] [LOG] 🔄 Auth initialization timeout - marking as initialized @ http://localhost:3000/static/js/bundle.js:504587
[    3738ms] [LOG] [Icon Migration] Starting migration for 18 creatures... @ http://localhost:3000/static/js/src_utils_migrateCreatureIcons_js.chunk.js:120
[    3739ms] [LOG] [Icon Migration] Saved migrated creatures to store @ http://localhost:3000/static/js/src_utils_migrateCreatureIcons_js.chunk.js:125
[    3739ms] [LOG] [Icon Migration] Complete: {migrated: 18, skipped: 0, errors: 0, total: 18} @ http://localhost:3000/static/js/src_utils_migrateCreatureIcons_js.chunk.js:127
[   16451ms] [LOG] 🔄 Authenticated but no socket. Initializing global socket... @ http://localhost:3000/static/js/bundle.js:289611
[   16451ms] [LOG] 🟢 Initializing presence on authentication for: i5cl9LusaKPvMlJTwHzdBP8KjZg1 Adventurer @ http://localhost:3000/static/js/bundle.js:289654
[   16452ms] [LOG] 🟢 Setting user online: i5cl9LusaKPvMlJTwHzdBP8KjZg1 Adventurer @ http://localhost:3000/static/js/bundle.js:497172
[   16454ms] [LOG] User returned to landing page - restarting session timers @ http://localhost:3000/static/js/bundle.js:490188
[   16454ms] [LOG] Offline support initialized @ http://localhost:3000/static/js/bundle.js:502043
[   16455ms] [LOG] Analytics tracking initialized @ http://localhost:3000/static/js/bundle.js:491862
[   16473ms] [LOG] 📊 Event tracked: session_start {userId: i5cl9LusaKPvMlJTwHzdBP8KjZg1, timestamp: 2026-04-02T10:25:58.282Z, userAgent: Mozilla/5.0 (Windows NT 10.0; Win64; x64) AppleWeb…KHTML, like Gecko) Chrome/146.0.0.0 Safari/537.36, screenResolution: 1920x1080, timezone: Europe/Copenhagen} @ http://localhost:3000/static/js/bundle.js:491888
[   16473ms] [LOG] 💾 Authenticated user - character data will persist to Firebase @ http://localhost:3000/static/js/bundle.js:279241
[   16475ms] [LOG] ⚠️ Authenticated user - persistence offline or unavailable @ http://localhost:3000/static/js/bundle.js:279448
[   16477ms] [LOG] ✅ Anonymous sign-in successful: i5cl9LusaKPvMlJTwHzdBP8KjZg1 @ http://localhost:3000/static/js/bundle.js:492435
[   16477ms] [LOG] 🔌 Initializing global socket at: http://localhost:3001 @ http://localhost:3000/static/js/bundle.js:523839
[   16481ms] [LOG] ✅ Development bypass enabled with Firebase Anonymous Auth: i5cl9LusaKPvMlJTwHzdBP8KjZg1 @ http://localhost:3000/static/js/bundle.js:504469
[   16483ms] [LOG] User returned to landing page - restarting session timers @ http://localhost:3000/static/js/bundle.js:490188
[   16483ms] [LOG] Offline support initialized @ http://localhost:3000/static/js/bundle.js:502043
[   16483ms] [LOG] Analytics tracking initialized @ http://localhost:3000/static/js/bundle.js:491862
[   16484ms] [LOG] 📊 Event tracked: session_start {userId: i5cl9LusaKPvMlJTwHzdBP8KjZg1, timestamp: 2026-04-02T10:25:58.311Z, userAgent: Mozilla/5.0 (Windows NT 10.0; Win64; x64) AppleWeb…KHTML, like Gecko) Chrome/146.0.0.0 Safari/537.36, screenResolution: 1920x1080, timezone: Europe/Copenhagen} @ http://localhost:3000/static/js/bundle.js:491888
[   16484ms] [LOG] 💾 Authenticated user - character data will persist to Firebase @ http://localhost:3000/static/js/bundle.js:279241
[   16484ms] [LOG] ⚠️ Authenticated user - persistence offline or unavailable @ http://localhost:3000/static/js/bundle.js:279448
[   16497ms] [LOG] ⚠️ Authenticated user - persistence offline or unavailable @ http://localhost:3000/static/js/bundle.js:279448
[   16511ms] [LOG] 👥 Online users updated: 0 users @ http://localhost:3000/static/js/bundle.js:497396
[   16524ms] [LOG] 🔌 Socket connected: 1AWE-GQxxYjFrq3wAAAJ url: http://localhost:3001 @ http://localhost:3000/static/js/bundle.js:523770
[   16525ms] [LOG] Session timers bypassed - user is in a room/game or not on landing page @ http://localhost:3000/static/js/bundle.js:490041
[   16525ms] [LOG] User navigated away from landing page - clearing session timers @ http://localhost:3000/static/js/bundle.js:490191
[   16551ms] [LOG] 🔄 Initializing social store for user: i5cl9LusaKPvMlJTwHzdBP8KjZg1 @ http://localhost:3000/static/js/src_components_account_AccountDashboard_jsx.chunk.js:10113
[   16552ms] [LOG] 🟢 Setting user online: i5cl9LusaKPvMlJTwHzdBP8KjZg1 Development User @ http://localhost:3000/static/js/bundle.js:497172
[   16553ms] [LOG] [CharacterStore] Account type change from dev to authenticated, clearing storage @ http://localhost:3000/static/js/bundle.js:507673
[   16553ms] [LOG] [CharacterStore] Loaded 0 characters from mythrill-characters @ http://localhost:3000/static/js/bundle.js:507772
[   16554ms] [LOG] 📊 Account Dashboard loaded: {isGuest: undefined, tier: Dev Preview, characterLimit: 50, currentCharacters: 0} @ http://localhost:3000/static/js/src_components_account_AccountDashboard_jsx.chunk.js:10170
[   16558ms] [LOG] 👥 Online users updated: 0 users @ http://localhost:3000/static/js/bundle.js:497396
[   16740ms] [LOG] 🔄 Initializing social store for user: i5cl9LusaKPvMlJTwHzdBP8KjZg1 @ http://localhost:3000/static/js/src_components_account_AccountDashboard_jsx.chunk.js:10113
[   16741ms] [LOG] 🟢 Setting user online: i5cl9LusaKPvMlJTwHzdBP8KjZg1 Development User @ http://localhost:3000/static/js/bundle.js:497172
[   16746ms] [LOG] 👥 Online users updated: 1 users @ http://localhost:3000/static/js/bundle.js:497396
[   16747ms] [LOG] 📂 Journal loaded for user i5cl9LusaKPvMlJTwHzdBP8KjZg1 @ http://localhost:3000/static/js/bundle.js:488722
[   16748ms] [LOG] 📂 Journal loaded for user i5cl9LusaKPvMlJTwHzdBP8KjZg1 @ http://localhost:3000/static/js/bundle.js:488722
[   16751ms] [LOG] 💾 Authenticated user - full data persistence enabled @ http://localhost:3000/static/js/bundle.js:279442
[   16751ms] [LOG] 📊 Storage usage: 0.00MB used @ http://localhost:3000/static/js/bundle.js:279445
[   16752ms] [LOG] 👥 Online users updated: 1 users @ http://localhost:3000/static/js/bundle.js:497396
[   16873ms] [LOG] ✅ Presence initialized for dashboard @ http://localhost:3000/static/js/src_components_account_AccountDashboard_jsx.chunk.js:10125
[   16919ms] [LOG] ✅ Presence initialized for dashboard @ http://localhost:3000/static/js/src_components_account_AccountDashboard_jsx.chunk.js:10125
[   16963ms] [LOG] 👥 Online users updated: 2 users @ http://localhost:3000/static/js/bundle.js:497396
[   16964ms] [LOG] 📩 Incoming friend requests updated: [] @ http://localhost:3000/static/js/bundle.js:527442
[   16965ms] [LOG] 📤 Sent friend requests updated: [] @ http://localhost:3000/static/js/bundle.js:527454
[   18865ms] [LOG] 👥 Friends list updated: [] @ http://localhost:3000/static/js/bundle.js:527466
[   19002ms] [LOG] 💾 Journal saved for user i5cl9LusaKPvMlJTwHzdBP8KjZg1 @ http://localhost:3000/static/js/bundle.js:488679
